<?xml version="1.0" encoding="UTF-8"?>
<!-- Generated by org.testng.reporters.JUnitXMLReporter -->
<testsuite ignored="0" hostname="IND-Rangarajan" failures="0" tests="6" name="Default test" time="11.773" errors="0" timestamp="2024-02-11T13:59:25 IST">
  <testcase classname="api.tests.DDTests" name="testPostUsr" time="4.32"/>
  <testcase classname="api.tests.DDTests" name="testPostUsr" time="1.137"/>
  <testcase classname="api.tests.DDTests" name="testPostUsr" time="1.101"/>
  <testcase classname="api.tests.DDTests" name="testdeleteUsr" time="1.198"/>
  <testcase classname="api.tests.DDTests" name="testdeleteUsr" time="1.148"/>
  <testcase classname="api.tests.DDTests" name="testdeleteUsr" time="1.109"/>
</testsuite> <!-- Default test -->
