<?xml version="1.0" encoding="UTF-8"?>
<!-- Generated by org.testng.reporters.JUnitXMLReporter -->
<testsuite ignored="0" hostname="IND-Rangarajan" failures="0" tests="4" name="PetTests" time="8.04" errors="0" timestamp="2024-02-11T21:38:37 IST">
  <testcase classname="api.tests.UserTests" name="testpostUser" time="3.29"/>
  <testcase classname="api.tests.UserTests" name="testgetUser" time="1.176"/>
  <testcase classname="api.tests.UserTests" name="testupdateUser" time="1.111"/>
  <testcase classname="api.tests.UserTests" name="testdeleteUser" time="1.175"/>
</testsuite> <!-- PetTests -->
