<?xml version="1.0" encoding="UTF-8"?>
<!-- Generated by org.testng.reporters.JUnitXMLReporter -->
<testsuite ignored="0" hostname="IND-Rangarajan" failures="0" tests="4" name="PetTests" time="9.096" errors="0" timestamp="2024-02-11T15:07:06 IST">
  <testcase classname="api.tests.UserTests" name="testpostUser" time="4.33"/>
  <testcase classname="api.tests.UserTests" name="testgetUser" time="1.164"/>
  <testcase classname="api.tests.UserTests" name="testupdateUser" time="1.151"/>
  <testcase classname="api.tests.UserTests" name="testdeleteUser" time="1.107"/>
</testsuite> <!-- PetTests -->
