<?xml version="1.0" encoding="UTF-8"?>
<testng-results ignored="0" total="4" passed="4" failed="0" skipped="0">
  <reporter-output>
  </reporter-output>
  <suite started-at="2024-02-11T21:38:28 IST" name="PetTests" finished-at="2024-02-11T21:38:36 IST" duration-ms="8040">
    <groups>
    </groups>
    <test started-at="2024-02-11T21:38:28 IST" name="PetTests" finished-at="2024-02-11T21:38:36 IST" duration-ms="8040">
      <class name="api.tests.UserTests">
        <test-method is-config="true" signature="setupData()[pri:0, instance:api.tests.UserTests@402bba4f]" started-at="2024-02-11T21:38:29 IST" name="setupData" finished-at="2024-02-11T21:38:30 IST" duration-ms="964" status="PASS">
          <reporter-output>
          </reporter-output>
        </test-method> <!-- setupData -->
        <test-method signature="testpostUser()[pri:1, instance:api.tests.UserTests@402bba4f]" started-at="2024-02-11T21:38:30 IST" name="testpostUser" finished-at="2024-02-11T21:38:33 IST" duration-ms="3290" status="PASS">
          <reporter-output>
          </reporter-output>
        </test-method> <!-- testpostUser -->
        <test-method signature="testgetUser()[pri:2, instance:api.tests.UserTests@402bba4f]" started-at="2024-02-11T21:38:33 IST" name="testgetUser" finished-at="2024-02-11T21:38:34 IST" duration-ms="1176" status="PASS">
          <reporter-output>
          </reporter-output>
        </test-method> <!-- testgetUser -->
        <test-method signature="testupdateUser()[pri:3, instance:api.tests.UserTests@402bba4f]" started-at="2024-02-11T21:38:34 IST" name="testupdateUser" finished-at="2024-02-11T21:38:35 IST" duration-ms="1111" status="PASS">
          <reporter-output>
          </reporter-output>
        </test-method> <!-- testupdateUser -->
        <test-method signature="testdeleteUser()[pri:4, instance:api.tests.UserTests@402bba4f]" started-at="2024-02-11T21:38:35 IST" name="testdeleteUser" finished-at="2024-02-11T21:38:36 IST" duration-ms="1175" status="PASS">
          <reporter-output>
          </reporter-output>
        </test-method> <!-- testdeleteUser -->
      </class> <!-- api.tests.UserTests -->
    </test> <!-- PetTests -->
  </suite> <!-- PetTests -->
</testng-results>
