<?xml version="1.0" encoding="UTF-8"?>
<testsuite xmlns:xsi="http://www.w3.org/2001/XMLSchema-instance" xsi:noNamespaceSchemaLocation="https://maven.apache.org/surefire/maven-surefire-plugin/xsd/surefire-test-report-3.0.xsd" version="3.0" name="TestSuite" time="8.914" tests="4" errors="0" skipped="0" failures="0">
  <properties>
[...]
</properties>
  <testcase name="testpostUser" classname="api.tests.UserTests" time="3.341">
    <system-out><![CDATA[HTTP/1.1 200 OK
Date: Sun, 11 Feb 2024 16:08:33 GMT
Content-Type: application/json
Transfer-Encoding: chunked
Connection: keep-alive
Access-Control-Allow-Origin: *
Access-Control-Allow-Methods: GET, POST, DELETE, PUT
Access-Control-Allow-Headers: Content-Type, api_key, Authorization
Server: Jetty(9.2.9.v20150224)

{
    "code": 200,
    "type": "unknown",
    "message": "817299424"
}
]]></system-out>
    <system-err><![CDATA[SLF4J: Failed to load class "org.slf4j.impl.StaticLoggerBinder".
SLF4J: Defaulting to no-operation (NOP) logger implementation
SLF4J: See http://www.slf4j.org/codes.html#StaticLoggerBinder for further details.
]]></system-err>
  </testcase>
  <testcase name="testgetUser" classname="api.tests.UserTests" time="1.187">
    <system-out><![CDATA[HTTP/1.1 200 OK
Date: Sun, 11 Feb 2024 16:08:34 GMT
Content-Type: application/json
Transfer-Encoding: chunked
Connection: keep-alive
Access-Control-Allow-Origin: *
Access-Control-Allow-Methods: GET, POST, DELETE, PUT
Access-Control-Allow-Headers: Content-Type, api_key, Authorization
Server: Jetty(9.2.9.v20150224)

{
    "id": 817299424,
    "username": "edith.ryan",
    "firstName": "Benito",
    "lastName": "Stracke",
    "email": "livia.ernser@yahoo.com",
    "password": "yal7gruj3fmhr9",
    "phone": "349-797-9177",
    "userStatus": 0
}
]]></system-out>
  </testcase>
  <testcase name="testupdateUser" classname="api.tests.UserTests" time="1.103">
    <system-out><![CDATA[HTTP/1.1 200 OK
Date: Sun, 11 Feb 2024 16:08:35 GMT
Content-Type: application/json
Transfer-Encoding: chunked
Connection: keep-alive
Access-Control-Allow-Origin: *
Access-Control-Allow-Methods: GET, POST, DELETE, PUT
Access-Control-Allow-Headers: Content-Type, api_key, Authorization
Server: Jetty(9.2.9.v20150224)

{
    "code": 200,
    "type": "unknown",
    "message": "817299424"
}
]]></system-out>
  </testcase>
  <testcase name="testdeleteUser" classname="api.tests.UserTests" time="1.175">
    <system-out><![CDATA[HTTP/1.1 200 OK
Date: Sun, 11 Feb 2024 16:08:36 GMT
Content-Type: application/json
Transfer-Encoding: chunked
Connection: keep-alive
Access-Control-Allow-Origin: *
Access-Control-Allow-Methods: GET, POST, DELETE, PUT
Access-Control-Allow-Headers: Content-Type, api_key, Authorization
Server: Jetty(9.2.9.v20150224)

{
    "code": 200,
    "type": "unknown",
    "message": "edith.ryan"
}
]]></system-out>
  </testcase>
</testsuite>