<?xml version="1.0" encoding="UTF-8"?>
<testng-results ignored="0" total="4" passed="4" failed="0" skipped="0">
  <reporter-output>
  </reporter-output>
  <suite started-at="2024-02-11T15:06:57 IST" name="PetTests" finished-at="2024-02-11T15:07:06 IST" duration-ms="9096">
    <groups>
    </groups>
    <test started-at="2024-02-11T15:06:57 IST" name="PetTests" finished-at="2024-02-11T15:07:06 IST" duration-ms="9096">
      <class name="api.tests.UserTests">
        <test-method is-config="true" signature="setupData()[pri:0, instance:api.tests.UserTests@6e6f2380]" started-at="2024-02-11T15:06:57 IST" name="setupData" finished-at="2024-02-11T15:06:58 IST" duration-ms="952" status="PASS">
          <reporter-output>
          </reporter-output>
        </test-method> <!-- setupData -->
        <test-method signature="testpostUser()[pri:1, instance:api.tests.UserTests@6e6f2380]" started-at="2024-02-11T15:06:58 IST" name="testpostUser" finished-at="2024-02-11T15:07:03 IST" duration-ms="4330" status="PASS">
          <reporter-output>
          </reporter-output>
        </test-method> <!-- testpostUser -->
        <test-method signature="testgetUser()[pri:2, instance:api.tests.UserTests@6e6f2380]" started-at="2024-02-11T15:07:03 IST" name="testgetUser" finished-at="2024-02-11T15:07:04 IST" duration-ms="1164" status="PASS">
          <reporter-output>
          </reporter-output>
        </test-method> <!-- testgetUser -->
        <test-method signature="testupdateUser()[pri:3, instance:api.tests.UserTests@6e6f2380]" started-at="2024-02-11T15:07:04 IST" name="testupdateUser" finished-at="2024-02-11T15:07:05 IST" duration-ms="1151" status="PASS">
          <reporter-output>
          </reporter-output>
        </test-method> <!-- testupdateUser -->
        <test-method signature="testdeleteUser()[pri:4, instance:api.tests.UserTests@6e6f2380]" started-at="2024-02-11T15:07:05 IST" name="testdeleteUser" finished-at="2024-02-11T15:07:06 IST" duration-ms="1107" status="PASS">
          <reporter-output>
          </reporter-output>
        </test-method> <!-- testdeleteUser -->
      </class> <!-- api.tests.UserTests -->
    </test> <!-- PetTests -->
  </suite> <!-- PetTests -->
</testng-results>
